2024-05-13 10:51:01,513 - INFO - root - Hello! This is Joey-NMT (version 2.2.0).
2024-05-13 10:51:01,513 - INFO - joeynmt.helpers -                           cfg.name : transformer_bpe_2k
2024-05-13 10:51:01,513 - INFO - joeynmt.helpers -                cfg.joeynmt_version : 2.0.0
2024-05-13 10:51:01,513 - INFO - joeynmt.helpers -                     cfg.data.train : bpe/train2k.BPE.nl-en
2024-05-13 10:51:01,513 - INFO - joeynmt.helpers -                       cfg.data.dev : bpe/dev2k.BPE.nl-en
2024-05-13 10:51:01,514 - INFO - joeynmt.helpers -                      cfg.data.test : bpe/test2k.BPE.nl-en
2024-05-13 10:51:01,514 - INFO - joeynmt.helpers -              cfg.data.dataset_type : plain
2024-05-13 10:51:01,514 - INFO - joeynmt.helpers -                  cfg.data.src.lang : nl
2024-05-13 10:51:01,514 - INFO - joeynmt.helpers -                 cfg.data.src.level : bpe
2024-05-13 10:51:01,514 - INFO - joeynmt.helpers -             cfg.data.src.lowercase : False
2024-05-13 10:51:01,514 - INFO - joeynmt.helpers -       cfg.data.src.max_sent_length : 100
2024-05-13 10:51:01,514 - INFO - joeynmt.helpers -              cfg.data.src.voc_file : /Users/maritina/Desktop/Uni/MachineTranslation/Exercises/mt-exercise-5/bpe/train2k.BPE.nl
2024-05-13 10:51:01,514 - INFO - joeynmt.helpers -        cfg.data.src.tokenizer_type : subword-nmt
2024-05-13 10:51:01,514 - INFO - joeynmt.helpers - cfg.data.src.tokenizer_cfg.pretokenizer : none
2024-05-13 10:51:01,514 - INFO - joeynmt.helpers - cfg.data.src.tokenizer_cfg.num_merges : 100
2024-05-13 10:51:01,514 - INFO - joeynmt.helpers -   cfg.data.src.tokenizer_cfg.codes : /Users/maritina/Desktop/Uni/MachineTranslation/Exercises/mt-exercise-5/bpe_codes2k.nl
2024-05-13 10:51:01,514 - INFO - joeynmt.helpers -                  cfg.data.trg.lang : en
2024-05-13 10:51:01,514 - INFO - joeynmt.helpers -                 cfg.data.trg.level : bpe
2024-05-13 10:51:01,514 - INFO - joeynmt.helpers -             cfg.data.trg.lowercase : False
2024-05-13 10:51:01,514 - INFO - joeynmt.helpers -       cfg.data.trg.max_sent_length : 100
2024-05-13 10:51:01,516 - INFO - joeynmt.helpers -              cfg.data.trg.voc_file : /Users/maritina/Desktop/Uni/MachineTranslation/Exercises/mt-exercise-5/bpe/train2k.BPE.en
2024-05-13 10:51:01,516 - INFO - joeynmt.helpers -        cfg.data.trg.tokenizer_type : subword-nmt
2024-05-13 10:51:01,516 - INFO - joeynmt.helpers - cfg.data.trg.tokenizer_cfg.pretokenizer : none
2024-05-13 10:51:01,516 - INFO - joeynmt.helpers - cfg.data.trg.tokenizer_cfg.num_merges : 100
2024-05-13 10:51:01,516 - INFO - joeynmt.helpers -   cfg.data.trg.tokenizer_cfg.codes : /Users/maritina/Desktop/Uni/MachineTranslation/Exercises/mt-exercise-5/bpe_codes2k.en
2024-05-13 10:51:01,516 - INFO - joeynmt.helpers -              cfg.testing.beam_size : 5
2024-05-13 10:51:01,516 - INFO - joeynmt.helpers -                  cfg.testing.alpha : 1.0
2024-05-13 10:51:01,516 - INFO - joeynmt.helpers -           cfg.training.random_seed : 42
2024-05-13 10:51:01,516 - INFO - joeynmt.helpers -             cfg.training.optimizer : adam
2024-05-13 10:51:01,516 - INFO - joeynmt.helpers -         cfg.training.normalization : tokens
2024-05-13 10:51:01,517 - INFO - joeynmt.helpers -         cfg.training.learning_rate : 0.0003
2024-05-13 10:51:01,517 - INFO - joeynmt.helpers -            cfg.training.batch_size : 2048
2024-05-13 10:51:01,517 - INFO - joeynmt.helpers -            cfg.training.batch_type : token
2024-05-13 10:51:01,517 - INFO - joeynmt.helpers -       cfg.training.eval_batch_size : 1024
2024-05-13 10:51:01,517 - INFO - joeynmt.helpers -       cfg.training.eval_batch_type : token
2024-05-13 10:51:01,517 - INFO - joeynmt.helpers -            cfg.training.scheduling : plateau
2024-05-13 10:51:01,517 - INFO - joeynmt.helpers -              cfg.training.patience : 8
2024-05-13 10:51:01,517 - INFO - joeynmt.helpers -          cfg.training.weight_decay : 0.0
2024-05-13 10:51:01,517 - INFO - joeynmt.helpers -       cfg.training.decrease_factor : 0.7
2024-05-13 10:51:01,517 - INFO - joeynmt.helpers - cfg.training.early_stopping_metric : ppl
2024-05-13 10:51:01,517 - INFO - joeynmt.helpers -                cfg.training.epochs : 10
2024-05-13 10:51:01,517 - INFO - joeynmt.helpers -       cfg.training.validation_freq : 500
2024-05-13 10:51:01,517 - INFO - joeynmt.helpers -          cfg.training.logging_freq : 100
2024-05-13 10:51:01,517 - INFO - joeynmt.helpers -           cfg.training.eval_metric : bleu
2024-05-13 10:51:01,517 - INFO - joeynmt.helpers -             cfg.training.model_dir : /Users/maritina/Desktop/Uni/MachineTranslation/Exercises/mt-exercise-5/models/bpe2k
2024-05-13 10:51:01,517 - INFO - joeynmt.helpers -             cfg.training.overwrite : True
2024-05-13 10:51:01,517 - INFO - joeynmt.helpers -               cfg.training.shuffle : True
2024-05-13 10:51:01,517 - INFO - joeynmt.helpers -              cfg.training.use_cuda : True
2024-05-13 10:51:01,517 - INFO - joeynmt.helpers -     cfg.training.max_output_length : 100
2024-05-13 10:51:01,517 - INFO - joeynmt.helpers -     cfg.training.print_valid_sents : [0, 1, 2, 3, 4]
2024-05-13 10:51:01,517 - INFO - joeynmt.helpers -       cfg.training.label_smoothing : 0.3
2024-05-13 10:51:01,517 - INFO - joeynmt.helpers -              cfg.model.initializer : xavier_uniform
2024-05-13 10:51:01,517 - INFO - joeynmt.helpers -         cfg.model.bias_initializer : zeros
2024-05-13 10:51:01,517 - INFO - joeynmt.helpers -                cfg.model.init_gain : 1.0
2024-05-13 10:51:01,517 - INFO - joeynmt.helpers -        cfg.model.embed_initializer : xavier_uniform
2024-05-13 10:51:01,517 - INFO - joeynmt.helpers -          cfg.model.embed_init_gain : 1.0
2024-05-13 10:51:01,517 - INFO - joeynmt.helpers -          cfg.model.tied_embeddings : False
2024-05-13 10:51:01,517 - INFO - joeynmt.helpers -             cfg.model.tied_softmax : False
2024-05-13 10:51:01,517 - INFO - joeynmt.helpers -             cfg.model.encoder.type : transformer
2024-05-13 10:51:01,517 - INFO - joeynmt.helpers -       cfg.model.encoder.num_layers : 4
2024-05-13 10:51:01,518 - INFO - joeynmt.helpers -        cfg.model.encoder.num_heads : 2
2024-05-13 10:51:01,518 - INFO - joeynmt.helpers - cfg.model.encoder.embeddings.embedding_dim : 256
2024-05-13 10:51:01,518 - INFO - joeynmt.helpers - cfg.model.encoder.embeddings.scale : True
2024-05-13 10:51:01,518 - INFO - joeynmt.helpers - cfg.model.encoder.embeddings.dropout : 0
2024-05-13 10:51:01,518 - INFO - joeynmt.helpers -      cfg.model.encoder.hidden_size : 256
2024-05-13 10:51:01,518 - INFO - joeynmt.helpers -          cfg.model.encoder.ff_size : 512
2024-05-13 10:51:01,518 - INFO - joeynmt.helpers -          cfg.model.encoder.dropout : 0
2024-05-13 10:51:01,518 - INFO - joeynmt.helpers -             cfg.model.decoder.type : transformer
2024-05-13 10:51:01,518 - INFO - joeynmt.helpers -       cfg.model.decoder.num_layers : 1
2024-05-13 10:51:01,518 - INFO - joeynmt.helpers -        cfg.model.decoder.num_heads : 2
2024-05-13 10:51:01,518 - INFO - joeynmt.helpers - cfg.model.decoder.embeddings.embedding_dim : 256
2024-05-13 10:51:01,518 - INFO - joeynmt.helpers - cfg.model.decoder.embeddings.scale : True
2024-05-13 10:51:01,518 - INFO - joeynmt.helpers - cfg.model.decoder.embeddings.dropout : 0
2024-05-13 10:51:01,518 - INFO - joeynmt.helpers -      cfg.model.decoder.hidden_size : 256
2024-05-13 10:51:01,518 - INFO - joeynmt.helpers -          cfg.model.decoder.ff_size : 512
2024-05-13 10:51:01,518 - INFO - joeynmt.helpers -          cfg.model.decoder.dropout : 0
2024-05-13 10:51:01,525 - INFO - joeynmt.data - Building tokenizer...
2024-05-13 10:51:01,529 - INFO - joeynmt.tokenizers - nl tokenizer: SubwordNMTTokenizer(level=bpe, lowercase=False, normalize=False, filter_by_length=(-1, -1), pretokenizer=none, tokenizer=BPE, separator=@@, dropout=0.0)
2024-05-13 10:51:01,529 - INFO - joeynmt.tokenizers - en tokenizer: SubwordNMTTokenizer(level=bpe, lowercase=False, normalize=False, filter_by_length=(-1, -1), pretokenizer=none, tokenizer=BPE, separator=@@, dropout=0.0)
2024-05-13 10:51:01,529 - INFO - joeynmt.data - Loading train set...
